AddressSanitizer:DEADLYSIGNAL
=================================================================
==1004865==ERROR: AddressSanitizer: SEGV on unknown address 0x00000000001c (pc 0x555555ac5069 bp 0x7fffffffa5f0 sp 0x7fffffffa500 T0)
==1004865==The signal is caused by a READ memory access.
==1004865==Hint: address points to the zero page.
    #0 0x555555ac5068 in sqlite3Fts5ExprAnd /data/song/projects/testbug/sqlite_asan/sqlite3.c:228253
    #1 0x555555b11b2c in fts5FilterMethod /data/song/projects/testbug/sqlite_asan/sqlite3.c:240060
    #2 0x5555558255fd in sqlite3VdbeExec /data/song/projects/testbug/sqlite_asan/sqlite3.c:98730
    #3 0x5555557e4b35 in sqlite3Step /data/song/projects/testbug/sqlite_asan/sqlite3.c:88867
    #4 0x5555557e54ac in sqlite3_step /data/song/projects/testbug/sqlite_asan/sqlite3.c:88928
    #5 0x5555556a129e in exec_prepared_stmt /data/song/projects/testbug/sqlite_asan/shell.c:19186
    #6 0x5555556a3309 in shell_exec /data/song/projects/testbug/sqlite_asan/shell.c:19503
    #7 0x5555556d151d in runOneSqlLine /data/song/projects/testbug/sqlite_asan/shell.c:26539
    #8 0x5555556d22e2 in process_input /data/song/projects/testbug/sqlite_asan/shell.c:26705
    #9 0x5555556d5fd2 in main /data/song/projects/testbug/sqlite_asan/shell.c:27646
    #10 0x7ffff7166082 in __libc_start_main ../csu/libc-start.c:308
    #11 0x55555564830d in _start (/data/song/projects/testbug/sqlite3-asan+0xf430d)

AddressSanitizer can not provide additional info.
SUMMARY: AddressSanitizer: SEGV /data/song/projects/testbug/sqlite_asan/sqlite3.c:228253 in sqlite3Fts5ExprAnd
==1004865==ABORTING
